<?xml version="1.0" encoding="UTF-8"?>
<testng-results skipped="0" failed="0" total="1" passed="1">
  <reporter-output>
  </reporter-output>
  <suite name="Suite" duration-ms="12830" started-at="2017-01-05T10:19:59Z" finished-at="2017-01-05T10:20:12Z">
    <groups>
    </groups>
    <test name="Test" duration-ms="12830" started-at="2017-01-05T10:19:59Z" finished-at="2017-01-05T10:20:12Z">
      <class name="cn.celloud.Case.Celloud_case">
        <test-method status="PASS" signature="beforeTest()[pri:0, instance:cn.celloud.Case.Celloud_case@1179bd59]" name="beforeTest" is-config="true" duration-ms="75" started-at="2017-01-05T18:19:59Z" finished-at="2017-01-05T18:20:00Z">
          <reporter-output>
          </reporter-output>
        </test-method> <!-- beforeTest -->
        <test-method status="PASS" signature="beforeClass(java.lang.String)[pri:0, instance:cn.celloud.Case.Celloud_case@1179bd59]" name="beforeClass" is-config="true" duration-ms="4" started-at="2017-01-05T18:20:00Z" finished-at="2017-01-05T18:20:00Z">
          <params>
            <param index="0">
              <value>
                <![CDATA[3]]>
              </value>
            </param>
          </params>
          <reporter-output>
          </reporter-output>
        </test-method> <!-- beforeClass -->
        <test-method status="PASS" signature="beforeMethod()[pri:0, instance:cn.celloud.Case.Celloud_case@1179bd59]" name="beforeMethod" is-config="true" duration-ms="3775" started-at="2017-01-05T18:20:00Z" finished-at="2017-01-05T18:20:03Z">
          <reporter-output>
          </reporter-output>
        </test-method> <!-- beforeMethod -->
        <test-method status="PASS" signature="login_case(java.lang.reflect.Method)[pri:0, instance:cn.celloud.Case.Celloud_case@1179bd59]" name="login_case" duration-ms="6299" started-at="2017-01-05T18:20:03Z" finished-at="2017-01-05T18:20:10Z">
          <params>
            <param index="0">
              <value>
                <![CDATA[public void cn.celloud.Case.Celloud_case.login_case(java.lang.reflect.Method) throws java.lang.InterruptedException]]>
              </value>
            </param>
          </params>
          <reporter-output>
          </reporter-output>
        </test-method> <!-- login_case -->
        <test-method status="PASS" signature="afterMethod()[pri:0, instance:cn.celloud.Case.Celloud_case@1179bd59]" name="afterMethod" is-config="true" duration-ms="2660" started-at="2017-01-05T18:20:10Z" finished-at="2017-01-05T18:20:12Z">
          <reporter-output>
          </reporter-output>
        </test-method> <!-- afterMethod -->
        <test-method status="PASS" signature="afterClass()[pri:0, instance:cn.celloud.Case.Celloud_case@1179bd59]" name="afterClass" is-config="true" duration-ms="0" started-at="2017-01-05T18:20:12Z" finished-at="2017-01-05T18:20:12Z">
          <reporter-output>
          </reporter-output>
        </test-method> <!-- afterClass -->
      </class> <!-- cn.celloud.Case.Celloud_case -->
    </test> <!-- Test -->
  </suite> <!-- Suite -->
</testng-results>
