<?xml version="1.0" encoding="UTF-8"?>
<!-- Generated by org.testng.reporters.JUnitXMLReporter -->
<testsuite hostname="DESKTOP-N8HAT2R" ignored="0" name="Test" tests="1" failures="1" timestamp="05 一月 2017 07:44:33 GMT" time="8.845" errors="0">
  <testcase name="login_case" time="3.675" classname="cn.celloud.Case.Celloud_case">
    <failure type="java.lang.AssertionError" message="expected [true] but found [false]">
      <![CDATA[java.lang.AssertionError: expected [true] but found [false]
	at cn.celloud.Case.Celloud_case.login_case(Celloud_case.java:25)
... Removed 29 stack frames]]>
    </failure>
  </testcase> <!-- login_case -->
</testsuite> <!-- Test -->
